<?xml version="1.0" encoding="UTF-8"?>
<!-- Generated by org.testng.reporters.JUnitReportReporter -->
<testsuite hostname="DESKTOP-E1SNOS9" failures="0" tests="1" name="epallettest.PDPPage" time="68.405" errors="0" timestamp="2024-03-31T11:41:17 EET" skipped="0">
  <testcase classname="epallettest.PDPPage" name="PDP" time="68.405"/>
  <system-out/>
</testsuite> <!-- epallettest.PDPPage -->
