<?xml version="1.0" encoding="UTF-8"?>
<!-- Generated by org.testng.reporters.JUnitReportReporter -->
<testsuite hostname="DESKTOP-E1SNOS9" failures="0" tests="1" name="epallettest.Testing" time="172.131" errors="0" timestamp="2024-03-31T12:31:45 EET" skipped="0">
  <testcase classname="epallettest.Testing" name="testing" time="172.131"/>
  <system-out/>
</testsuite> <!-- epallettest.Testing -->
