<?xml version="1.0" encoding="UTF-8"?>
<!-- Generated by org.testng.reporters.JUnitReportReporter -->
<testsuite hostname="DESKTOP-E1SNOS9" failures="0" tests="1" name="epallettest.MyAccountPage" time="18.905" errors="0" timestamp="2024-03-28T13:25:51 EET" skipped="0">
  <testcase classname="epallettest.MyAccountPage" name="myaccount" time="18.905"/>
  <system-out/>
</testsuite> <!-- epallettest.MyAccountPage -->
