<?xml version="1.0" encoding="UTF-8"?>
<!-- Generated by org.testng.reporters.JUnitReportReporter -->
<testsuite hostname="DESKTOP-E1SNOS9" failures="0" tests="1" name="epallettest.LoginPage" time="15.389" errors="0" timestamp="2024-03-28T12:18:25 EET" skipped="0">
  <testcase classname="epallettest.LoginPage" name="login" time="15.389"/>
  <system-out/>
</testsuite> <!-- epallettest.LoginPage -->
