<?xml version="1.0" encoding="UTF-8"?>
<!-- Generated by org.testng.reporters.JUnitReportReporter -->
<testsuite hostname="DESKTOP-E1SNOS9" failures="0" tests="1" name="epallettest.PlaceOrder" time="82.697" errors="0" timestamp="2024-03-31T12:24:22 EET" skipped="0">
  <testcase classname="epallettest.PlaceOrder" name="placeorder" time="82.697"/>
  <system-out/>
</testsuite> <!-- epallettest.PlaceOrder -->
